[2026-03-14T01:21:57.390Z] {"timestamp":1773451315694,"kind":"click","url":"https://zp1v56uxy8rdx5ypatb0ockcb9tr6a-oci3--3000--3b7d1e54.local-credentialless.webcontainer-api.io/","viewport":{"width":1452,"height":822},"payload":{"target":{"tag":"div","id":null,"name":null,"type":null,"role":null,"ariaLabel":null,"testId":null,"dataLoc":null,"href":null,"text":"ISO 9001 · SGS CERTIFIED · ROHS COMPLIANT High-Performance 95% YSZ Zirconia Grin…","selectorHint":"div"},"x":1213,"y":303}}
[2026-03-20T02:54:30.495Z] {"timestamp":1773975268651,"kind":"scroll","url":"https://3001-i1qlaw7bjri23cjywmwxm-708a6364.sg1.manus.computer/","viewport":{"width":1741,"height":880},"payload":{"scrollX":0,"scrollY":4,"documentHeight":5485,"viewportHeight":880}}
[2026-03-20T02:54:30.495Z] {"timestamp":1773975269268,"kind":"scroll","url":"https://3001-i1qlaw7bjri23cjywmwxm-708a6364.sg1.manus.computer/","viewport":{"width":1741,"height":880},"payload":{"scrollX":0,"scrollY":266,"documentHeight":5485,"viewportHeight":880}}
[2026-03-20T02:54:30.495Z] {"timestamp":1773975269785,"kind":"scroll","url":"https://3001-i1qlaw7bjri23cjywmwxm-708a6364.sg1.manus.computer/","viewport":{"width":1741,"height":880},"payload":{"scrollX":0,"scrollY":658,"documentHeight":5485,"viewportHeight":880}}
[2026-03-20T02:54:32.489Z] {"timestamp":1773975270301,"kind":"scroll","url":"https://3001-i1qlaw7bjri23cjywmwxm-708a6364.sg1.manus.computer/","viewport":{"width":1741,"height":880},"payload":{"scrollX":0,"scrollY":938,"documentHeight":5485,"viewportHeight":880}}
[2026-03-20T02:54:32.489Z] {"timestamp":1773975271042,"kind":"scroll","url":"https://3001-i1qlaw7bjri23cjywmwxm-708a6364.sg1.manus.computer/","viewport":{"width":1741,"height":880},"payload":{"scrollX":0,"scrollY":1223,"documentHeight":5485,"viewportHeight":880}}
[2026-03-20T02:54:32.489Z] {"timestamp":1773975271791,"kind":"scroll","url":"https://3001-i1qlaw7bjri23cjywmwxm-708a6364.sg1.manus.computer/","viewport":{"width":1741,"height":880},"payload":{"scrollX":0,"scrollY":2002,"documentHeight":5485,"viewportHeight":880}}
[2026-03-20T02:54:34.518Z] {"timestamp":1773975272302,"kind":"scroll","url":"https://3001-i1qlaw7bjri23cjywmwxm-708a6364.sg1.manus.computer/","viewport":{"width":1741,"height":880},"payload":{"scrollX":0,"scrollY":2361,"documentHeight":5485,"viewportHeight":880}}
[2026-03-20T02:54:34.518Z] {"timestamp":1773975272802,"kind":"scroll","url":"https://3001-i1qlaw7bjri23cjywmwxm-708a6364.sg1.manus.computer/","viewport":{"width":1741,"height":880},"payload":{"scrollX":0,"scrollY":1959,"documentHeight":5485,"viewportHeight":880}}
[2026-03-20T02:54:34.518Z] {"timestamp":1773975273518,"kind":"scroll","url":"https://3001-i1qlaw7bjri23cjywmwxm-708a6364.sg1.manus.computer/","viewport":{"width":1741,"height":880},"payload":{"scrollX":0,"scrollY":1894,"documentHeight":5485,"viewportHeight":880}}
[2026-03-20T02:54:34.518Z] {"timestamp":1773975274118,"kind":"scroll","url":"https://3001-i1qlaw7bjri23cjywmwxm-708a6364.sg1.manus.computer/","viewport":{"width":1741,"height":880},"payload":{"scrollX":0,"scrollY":2233,"documentHeight":5485,"viewportHeight":880}}
[2026-03-20T02:54:36.490Z] {"timestamp":1773975276118,"kind":"scroll","url":"https://3001-i1qlaw7bjri23cjywmwxm-708a6364.sg1.manus.computer/","viewport":{"width":1741,"height":880},"payload":{"scrollX":0,"scrollY":2672,"documentHeight":5485,"viewportHeight":880}}
[2026-03-20T02:54:38.491Z] {"timestamp":1773975277035,"kind":"scroll","url":"https://3001-i1qlaw7bjri23cjywmwxm-708a6364.sg1.manus.computer/","viewport":{"width":1741,"height":880},"payload":{"scrollX":0,"scrollY":3343,"documentHeight":5485,"viewportHeight":880}}
[2026-03-20T02:54:38.491Z] {"timestamp":1773975277825,"kind":"scroll","url":"https://3001-i1qlaw7bjri23cjywmwxm-708a6364.sg1.manus.computer/","viewport":{"width":1741,"height":880},"payload":{"scrollX":0,"scrollY":4176,"documentHeight":5485,"viewportHeight":880}}
[2026-03-20T02:54:40.491Z] {"timestamp":1773975278685,"kind":"scroll","url":"https://3001-i1qlaw7bjri23cjywmwxm-708a6364.sg1.manus.computer/","viewport":{"width":1741,"height":880},"payload":{"scrollX":0,"scrollY":4237,"documentHeight":5485,"viewportHeight":880}}
[2026-03-20T02:54:40.491Z] {"timestamp":1773975279217,"kind":"scroll","url":"https://3001-i1qlaw7bjri23cjywmwxm-708a6364.sg1.manus.computer/","viewport":{"width":1741,"height":880},"payload":{"scrollX":0,"scrollY":4572,"documentHeight":5485,"viewportHeight":880}}
[2026-03-20T02:54:40.491Z] {"timestamp":1773975279718,"kind":"scroll","url":"https://3001-i1qlaw7bjri23cjywmwxm-708a6364.sg1.manus.computer/","viewport":{"width":1741,"height":880},"payload":{"scrollX":0,"scrollY":4299,"documentHeight":5485,"viewportHeight":880}}
[2026-03-20T02:54:42.490Z] {"timestamp":1773975280301,"kind":"scroll","url":"https://3001-i1qlaw7bjri23cjywmwxm-708a6364.sg1.manus.computer/","viewport":{"width":1741,"height":880},"payload":{"scrollX":0,"scrollY":2763,"documentHeight":5485,"viewportHeight":880}}
[2026-03-20T02:54:42.490Z] {"timestamp":1773975280934,"kind":"scroll","url":"https://3001-i1qlaw7bjri23cjywmwxm-708a6364.sg1.manus.computer/","viewport":{"width":1741,"height":880},"payload":{"scrollX":0,"scrollY":3137,"documentHeight":5485,"viewportHeight":880}}
[2026-03-20T02:54:42.490Z] {"timestamp":1773975281684,"kind":"scroll","url":"https://3001-i1qlaw7bjri23cjywmwxm-708a6364.sg1.manus.computer/","viewport":{"width":1741,"height":880},"payload":{"scrollX":0,"scrollY":3143,"documentHeight":5485,"viewportHeight":880}}
[2026-03-20T02:54:44.493Z] {"timestamp":1773975283501,"kind":"scroll","url":"https://3001-i1qlaw7bjri23cjywmwxm-708a6364.sg1.manus.computer/","viewport":{"width":1741,"height":880},"payload":{"scrollX":0,"scrollY":3217,"documentHeight":5485,"viewportHeight":880}}
[2026-03-20T02:54:44.493Z] {"timestamp":1773975284184,"kind":"scroll","url":"https://3001-i1qlaw7bjri23cjywmwxm-708a6364.sg1.manus.computer/","viewport":{"width":1741,"height":880},"payload":{"scrollX":0,"scrollY":3231,"documentHeight":5485,"viewportHeight":880}}
[2026-03-20T02:54:48.491Z] {"timestamp":1773975286468,"kind":"scroll","url":"https://3001-i1qlaw7bjri23cjywmwxm-708a6364.sg1.manus.computer/","viewport":{"width":1741,"height":880},"payload":{"scrollX":0,"scrollY":3392,"documentHeight":5485,"viewportHeight":880}}
[2026-03-20T02:54:48.491Z] {"timestamp":1773975287701,"kind":"scroll","url":"https://3001-i1qlaw7bjri23cjywmwxm-708a6364.sg1.manus.computer/","viewport":{"width":1741,"height":880},"payload":{"scrollX":0,"scrollY":3392,"documentHeight":5485,"viewportHeight":880}}
[2026-03-20T02:54:48.491Z] {"timestamp":1773975288218,"kind":"scroll","url":"https://3001-i1qlaw7bjri23cjywmwxm-708a6364.sg1.manus.computer/","viewport":{"width":1741,"height":880},"payload":{"scrollX":0,"scrollY":3327,"documentHeight":5485,"viewportHeight":880}}
[2026-03-20T02:54:50.499Z] {"timestamp":1773975288734,"kind":"scroll","url":"https://3001-i1qlaw7bjri23cjywmwxm-708a6364.sg1.manus.computer/","viewport":{"width":1741,"height":880},"payload":{"scrollX":0,"scrollY":1248,"documentHeight":5485,"viewportHeight":880}}
[2026-03-20T02:54:50.499Z] {"timestamp":1773975289868,"kind":"scroll","url":"https://3001-i1qlaw7bjri23cjywmwxm-708a6364.sg1.manus.computer/","viewport":{"width":1741,"height":880},"payload":{"scrollX":0,"scrollY":4,"documentHeight":5485,"viewportHeight":880}}
[2026-03-20T02:54:52.489Z] {"timestamp":1773975291501,"kind":"scroll","url":"https://3001-i1qlaw7bjri23cjywmwxm-708a6364.sg1.manus.computer/","viewport":{"width":1741,"height":880},"payload":{"scrollX":0,"scrollY":177,"documentHeight":5485,"viewportHeight":880}}
[2026-03-20T02:54:54.505Z] {"timestamp":1773975292901,"kind":"scroll","url":"https://3001-i1qlaw7bjri23cjywmwxm-708a6364.sg1.manus.computer/","viewport":{"width":1741,"height":880},"payload":{"scrollX":0,"scrollY":150,"documentHeight":5485,"viewportHeight":880}}
[2026-03-20T02:54:54.505Z] {"timestamp":1773975294251,"kind":"scroll","url":"https://3001-i1qlaw7bjri23cjywmwxm-708a6364.sg1.manus.computer/","viewport":{"width":1741,"height":880},"payload":{"scrollX":0,"scrollY":2,"documentHeight":5485,"viewportHeight":880}}
[2026-03-20T02:54:56.507Z] {"timestamp":1773975294767,"kind":"scroll","url":"https://3001-i1qlaw7bjri23cjywmwxm-708a6364.sg1.manus.computer/","viewport":{"width":1741,"height":880},"payload":{"scrollX":0,"scrollY":3,"documentHeight":5485,"viewportHeight":880}}
[2026-03-20T03:04:06.374Z] {"timestamp":1773975845312,"kind":"focusin","url":"https://3001-i1qlaw7bjri23cjywmwxm-708a6364.sg1.manus.computer/","viewport":{"width":1741,"height":880},"payload":{"target":{"tag":"a","id":null,"name":null,"type":null,"role":null,"ariaLabel":null,"testId":null,"dataLoc":null,"href":"/products/zirconia-beads","text":"95% YSZ Zirconia Beads","selectorHint":"a"}}}
[2026-03-20T03:04:06.374Z] {"timestamp":1773975845416,"kind":"click","url":"https://3001-i1qlaw7bjri23cjywmwxm-708a6364.sg1.manus.computer/","viewport":{"width":1741,"height":880},"payload":{"target":{"tag":"a","id":null,"name":null,"type":null,"role":null,"ariaLabel":null,"testId":null,"dataLoc":null,"href":"/products/zirconia-beads","text":"95% YSZ Zirconia Beads","selectorHint":"a"},"x":595,"y":117}}
[2026-03-20T03:04:06.374Z] {"timestamp":1773975845416,"kind":"navigate","url":"https://3001-i1qlaw7bjri23cjywmwxm-708a6364.sg1.manus.computer/products/zirconia-beads","viewport":{"width":1741,"height":880},"payload":{"reason":"pushState"}}
[2026-03-20T03:04:06.374Z] {"timestamp":1773975845425,"kind":"focusout","url":"https://3001-i1qlaw7bjri23cjywmwxm-708a6364.sg1.manus.computer/products/zirconia-beads","viewport":{"width":1741,"height":880},"payload":{"target":{"tag":"a","id":null,"name":null,"type":null,"role":null,"ariaLabel":null,"testId":null,"dataLoc":null,"href":"/products/zirconia-beads","text":"95% YSZ Zirconia Beads","selectorHint":"a"},"value":null}}
[2026-03-20T03:04:10.365Z] {"timestamp":1773975849280,"kind":"scroll","url":"https://3001-i1qlaw7bjri23cjywmwxm-708a6364.sg1.manus.computer/products/zirconia-beads","viewport":{"width":1741,"height":880},"payload":{"scrollX":0,"scrollY":1,"documentHeight":3350,"viewportHeight":880}}
[2026-03-20T03:04:10.365Z] {"timestamp":1773975849780,"kind":"scroll","url":"https://3001-i1qlaw7bjri23cjywmwxm-708a6364.sg1.manus.computer/products/zirconia-beads","viewport":{"width":1741,"height":880},"payload":{"scrollX":0,"scrollY":900,"documentHeight":3350,"viewportHeight":880}}
[2026-03-20T03:04:12.388Z] {"timestamp":1773975850504,"kind":"scroll","url":"https://3001-i1qlaw7bjri23cjywmwxm-708a6364.sg1.manus.computer/products/zirconia-beads","viewport":{"width":1741,"height":880},"payload":{"scrollX":0,"scrollY":2074,"documentHeight":3350,"viewportHeight":880}}
[2026-03-20T03:08:33.722Z] {"timestamp":1773976112245,"kind":"scroll","url":"https://3002-i1qlaw7bjri23cjywmwxm-708a6364.sg1.manus.computer/","viewport":{"width":1280,"height":1100},"payload":{"scrollX":0,"scrollY":2,"documentHeight":5576,"viewportHeight":1100}}
[2026-03-20T03:08:33.722Z] {"timestamp":1773976112763,"kind":"scroll","url":"https://3002-i1qlaw7bjri23cjywmwxm-708a6364.sg1.manus.computer/","viewport":{"width":1280,"height":1100},"payload":{"scrollX":0,"scrollY":1097,"documentHeight":5576,"viewportHeight":1100}}
[2026-03-20T03:08:41.723Z] {"timestamp":1773976120160,"kind":"scroll","url":"https://3002-i1qlaw7bjri23cjywmwxm-708a6364.sg1.manus.computer/","viewport":{"width":1280,"height":1100},"payload":{"scrollX":0,"scrollY":1098,"documentHeight":5576,"viewportHeight":1100}}
[2026-03-20T03:08:41.723Z] {"timestamp":1773976120661,"kind":"scroll","url":"https://3002-i1qlaw7bjri23cjywmwxm-708a6364.sg1.manus.computer/","viewport":{"width":1280,"height":1100},"payload":{"scrollX":0,"scrollY":9,"documentHeight":5576,"viewportHeight":1100}}
[2026-03-20T03:08:51.722Z] {"timestamp":1773976129943,"kind":"scroll","url":"https://3002-i1qlaw7bjri23cjywmwxm-708a6364.sg1.manus.computer/","viewport":{"width":1280,"height":1100},"payload":{"scrollX":0,"scrollY":2,"documentHeight":5576,"viewportHeight":1100}}
[2026-03-20T03:08:51.722Z] {"timestamp":1773976130443,"kind":"scroll","url":"https://3002-i1qlaw7bjri23cjywmwxm-708a6364.sg1.manus.computer/","viewport":{"width":1280,"height":1100},"payload":{"scrollX":0,"scrollY":1091,"documentHeight":5576,"viewportHeight":1100}}
[2026-03-20T03:14:31.907Z] {"timestamp":1773976470915,"kind":"focusin","url":"https://3001-i1qlaw7bjri23cjywmwxm-708a6364.sg1.manus.computer/products/zirconia-beads","viewport":{"width":1741,"height":880},"payload":{"target":{"tag":"a","id":null,"name":null,"type":null,"role":null,"ariaLabel":null,"testId":null,"dataLoc":null,"href":"/","text":"Home","selectorHint":"a"}}}
[2026-03-20T03:14:31.907Z] {"timestamp":1773976471041,"kind":"click","url":"https://3001-i1qlaw7bjri23cjywmwxm-708a6364.sg1.manus.computer/products/zirconia-beads","viewport":{"width":1741,"height":880},"payload":{"target":{"tag":"a","id":null,"name":null,"type":null,"role":null,"ariaLabel":null,"testId":null,"dataLoc":null,"href":"/","text":"Home","selectorHint":"a"},"x":535,"y":79}}
[2026-03-20T03:14:31.907Z] {"timestamp":1773976471043,"kind":"navigate","url":"https://3001-i1qlaw7bjri23cjywmwxm-708a6364.sg1.manus.computer/","viewport":{"width":1741,"height":880},"payload":{"reason":"pushState"}}
[2026-03-20T03:14:31.907Z] {"timestamp":1773976471071,"kind":"focusout","url":"https://3001-i1qlaw7bjri23cjywmwxm-708a6364.sg1.manus.computer/","viewport":{"width":1741,"height":880},"payload":{"target":{"tag":"a","id":null,"name":null,"type":null,"role":null,"ariaLabel":null,"testId":null,"dataLoc":null,"href":"/","text":"Home","selectorHint":"a"},"value":null}}
[2026-03-20T03:14:33.846Z] {"timestamp":1773976472697,"kind":"scroll","url":"https://3001-i1qlaw7bjri23cjywmwxm-708a6364.sg1.manus.computer/","viewport":{"width":1741,"height":880},"payload":{"scrollX":0,"scrollY":1,"documentHeight":5669,"viewportHeight":880}}
[2026-03-20T03:14:33.846Z] {"timestamp":1773976473456,"kind":"scroll","url":"https://3001-i1qlaw7bjri23cjywmwxm-708a6364.sg1.manus.computer/","viewport":{"width":1741,"height":880},"payload":{"scrollX":0,"scrollY":362,"documentHeight":5669,"viewportHeight":880}}
[2026-03-20T03:14:35.832Z] {"timestamp":1773976474307,"kind":"scroll","url":"https://3001-i1qlaw7bjri23cjywmwxm-708a6364.sg1.manus.computer/","viewport":{"width":1741,"height":880},"payload":{"scrollX":0,"scrollY":523,"documentHeight":5669,"viewportHeight":880}}
[2026-03-20T03:14:35.832Z] {"timestamp":1773976474940,"kind":"scroll","url":"https://3001-i1qlaw7bjri23cjywmwxm-708a6364.sg1.manus.computer/","viewport":{"width":1741,"height":880},"payload":{"scrollX":0,"scrollY":264,"documentHeight":5669,"viewportHeight":880}}
[2026-03-20T03:14:35.832Z] {"timestamp":1773976475460,"kind":"scroll","url":"https://3001-i1qlaw7bjri23cjywmwxm-708a6364.sg1.manus.computer/","viewport":{"width":1741,"height":880},"payload":{"scrollX":0,"scrollY":94,"documentHeight":5669,"viewportHeight":880}}
[2026-03-20T03:14:37.834Z] {"timestamp":1773976475973,"kind":"scroll","url":"https://3001-i1qlaw7bjri23cjywmwxm-708a6364.sg1.manus.computer/","viewport":{"width":1741,"height":880},"payload":{"scrollX":0,"scrollY":368,"documentHeight":5669,"viewportHeight":880}}
[2026-03-20T03:14:43.844Z] {"timestamp":1773976481689,"kind":"scroll","url":"https://3001-i1qlaw7bjri23cjywmwxm-708a6364.sg1.manus.computer/","viewport":{"width":1920,"height":1080},"payload":{"scrollX":0,"scrollY":392,"documentHeight":5669,"viewportHeight":1080}}
[2026-03-20T03:14:43.844Z] {"timestamp":1773976482255,"kind":"scroll","url":"https://3001-i1qlaw7bjri23cjywmwxm-708a6364.sg1.manus.computer/","viewport":{"width":1920,"height":1080},"payload":{"scrollX":0,"scrollY":109,"documentHeight":5669,"viewportHeight":1080}}
[2026-03-20T03:14:43.844Z] {"timestamp":1773976482756,"kind":"scroll","url":"https://3001-i1qlaw7bjri23cjywmwxm-708a6364.sg1.manus.computer/","viewport":{"width":1920,"height":1080},"payload":{"scrollX":0,"scrollY":370,"documentHeight":5669,"viewportHeight":1080}}
[2026-03-20T03:14:43.844Z] {"timestamp":1773976483256,"kind":"scroll","url":"https://3001-i1qlaw7bjri23cjywmwxm-708a6364.sg1.manus.computer/","viewport":{"width":1920,"height":1080},"payload":{"scrollX":0,"scrollY":85,"documentHeight":5669,"viewportHeight":1080}}
[2026-03-20T03:14:45.834Z] {"timestamp":1773976483890,"kind":"scroll","url":"https://3001-i1qlaw7bjri23cjywmwxm-708a6364.sg1.manus.computer/","viewport":{"width":1920,"height":1080},"payload":{"scrollX":0,"scrollY":8,"documentHeight":5669,"viewportHeight":1080}}
[2026-03-20T03:14:45.834Z] {"timestamp":1773976484473,"kind":"scroll","url":"https://3001-i1qlaw7bjri23cjywmwxm-708a6364.sg1.manus.computer/","viewport":{"width":1920,"height":1080},"payload":{"scrollX":0,"scrollY":186,"documentHeight":5669,"viewportHeight":1080}}
[2026-03-20T03:14:47.832Z] {"timestamp":1773976485838,"kind":"scroll","url":"https://3001-i1qlaw7bjri23cjywmwxm-708a6364.sg1.manus.computer/","viewport":{"width":1920,"height":1080},"payload":{"scrollX":0,"scrollY":194,"documentHeight":5669,"viewportHeight":1080}}
[2026-03-20T03:14:47.832Z] {"timestamp":1773976486756,"kind":"scroll","url":"https://3001-i1qlaw7bjri23cjywmwxm-708a6364.sg1.manus.computer/","viewport":{"width":1920,"height":1080},"payload":{"scrollX":0,"scrollY":230,"documentHeight":5669,"viewportHeight":1080}}
[2026-03-20T03:14:47.832Z] {"timestamp":1773976487273,"kind":"scroll","url":"https://3001-i1qlaw7bjri23cjywmwxm-708a6364.sg1.manus.computer/","viewport":{"width":1920,"height":1080},"payload":{"scrollX":0,"scrollY":304,"documentHeight":5669,"viewportHeight":1080}}
[2026-03-20T03:14:49.835Z] {"timestamp":1773976487773,"kind":"scroll","url":"https://3001-i1qlaw7bjri23cjywmwxm-708a6364.sg1.manus.computer/","viewport":{"width":1920,"height":1080},"payload":{"scrollX":0,"scrollY":31,"documentHeight":5669,"viewportHeight":1080}}
[2026-03-20T03:14:49.835Z] {"timestamp":1773976488289,"kind":"scroll","url":"https://3001-i1qlaw7bjri23cjywmwxm-708a6364.sg1.manus.computer/","viewport":{"width":1920,"height":1080},"payload":{"scrollX":0,"scrollY":49,"documentHeight":5669,"viewportHeight":1080}}
[2026-03-20T03:14:49.835Z] {"timestamp":1773976488789,"kind":"scroll","url":"https://3001-i1qlaw7bjri23cjywmwxm-708a6364.sg1.manus.computer/","viewport":{"width":1920,"height":1080},"payload":{"scrollX":0,"scrollY":110,"documentHeight":5669,"viewportHeight":1080}}
[2026-03-20T03:14:49.835Z] {"timestamp":1773976489339,"kind":"scroll","url":"https://3001-i1qlaw7bjri23cjywmwxm-708a6364.sg1.manus.computer/","viewport":{"width":1920,"height":1080},"payload":{"scrollX":0,"scrollY":234,"documentHeight":5669,"viewportHeight":1080}}
[2026-03-20T03:14:51.832Z] {"timestamp":1773976489889,"kind":"scroll","url":"https://3001-i1qlaw7bjri23cjywmwxm-708a6364.sg1.manus.computer/","viewport":{"width":1920,"height":1080},"payload":{"scrollX":0,"scrollY":280,"documentHeight":5669,"viewportHeight":1080}}
[2026-03-20T03:14:51.832Z] {"timestamp":1773976490656,"kind":"scroll","url":"https://3001-i1qlaw7bjri23cjywmwxm-708a6364.sg1.manus.computer/","viewport":{"width":1920,"height":1080},"payload":{"scrollX":0,"scrollY":284,"documentHeight":5669,"viewportHeight":1080}}
[2026-03-20T03:14:51.832Z] {"timestamp":1773976491339,"kind":"scroll","url":"https://3001-i1qlaw7bjri23cjywmwxm-708a6364.sg1.manus.computer/","viewport":{"width":1920,"height":1080},"payload":{"scrollX":0,"scrollY":18,"documentHeight":5669,"viewportHeight":1080}}
[2026-03-20T03:14:55.841Z] {"timestamp":1773976493906,"kind":"scroll","url":"https://3001-i1qlaw7bjri23cjywmwxm-708a6364.sg1.manus.computer/","viewport":{"width":1920,"height":1080},"payload":{"scrollX":0,"scrollY":135,"documentHeight":5669,"viewportHeight":1080}}
[2026-03-20T03:14:55.841Z] {"timestamp":1773976494406,"kind":"scroll","url":"https://3001-i1qlaw7bjri23cjywmwxm-708a6364.sg1.manus.computer/","viewport":{"width":1920,"height":1080},"payload":{"scrollX":0,"scrollY":404,"documentHeight":5669,"viewportHeight":1080}}
[2026-03-20T03:14:55.841Z] {"timestamp":1773976494906,"kind":"scroll","url":"https://3001-i1qlaw7bjri23cjywmwxm-708a6364.sg1.manus.computer/","viewport":{"width":1920,"height":1080},"payload":{"scrollX":0,"scrollY":709,"documentHeight":5669,"viewportHeight":1080}}
[2026-03-20T03:14:55.841Z] {"timestamp":1773976495422,"kind":"scroll","url":"https://3001-i1qlaw7bjri23cjywmwxm-708a6364.sg1.manus.computer/","viewport":{"width":1920,"height":1080},"payload":{"scrollX":0,"scrollY":880,"documentHeight":5669,"viewportHeight":1080}}
[2026-03-20T03:14:57.834Z] {"timestamp":1773976495963,"kind":"scroll","url":"https://3001-i1qlaw7bjri23cjywmwxm-708a6364.sg1.manus.computer/","viewport":{"width":1920,"height":1080},"payload":{"scrollX":0,"scrollY":568,"documentHeight":5669,"viewportHeight":1080}}
[2026-03-20T03:14:57.834Z] {"timestamp":1773976496614,"kind":"scroll","url":"https://3001-i1qlaw7bjri23cjywmwxm-708a6364.sg1.manus.computer/","viewport":{"width":1920,"height":1080},"payload":{"scrollX":0,"scrollY":291,"documentHeight":5669,"viewportHeight":1080}}
[2026-03-20T03:15:15.849Z] {"timestamp":1773976515221,"kind":"keydown","url":"https://3001-i1qlaw7bjri23cjywmwxm-708a6364.sg1.manus.computer/","viewport":{"width":1920,"height":1080},"payload":{"key":"[REDACTED]","target":{"tag":"body","id":null,"name":null,"type":null,"role":null,"ariaLabel":null,"testId":null,"dataLoc":null,"href":null,"text":"18100601781@163.com +86 18100601781 ISO 9001 CERTIFIED SGS VERIFIED FREE SAMPLE …","selectorHint":"body"}}}
[2026-03-20T03:15:17.833Z] {"timestamp":1773976516950,"kind":"click","url":"https://3001-i1qlaw7bjri23cjywmwxm-708a6364.sg1.manus.computer/","viewport":{"width":1920,"height":1080},"payload":{"target":{"tag":"div","id":null,"name":null,"type":null,"role":null,"ariaLabel":null,"testId":null,"dataLoc":null,"href":null,"text":"","selectorHint":"div"},"x":81,"y":105}}
[2026-03-20T03:15:19.857Z] {"timestamp":1773976517839,"kind":"keydown","url":"https://3001-i1qlaw7bjri23cjywmwxm-708a6364.sg1.manus.computer/","viewport":{"width":1920,"height":1080},"payload":{"key":"[REDACTED]","target":{"tag":"body","id":null,"name":null,"type":null,"role":null,"ariaLabel":null,"testId":null,"dataLoc":null,"href":null,"text":"18100601781@163.com +86 18100601781 ISO 9001 CERTIFIED SGS VERIFIED FREE SAMPLE …","selectorHint":"body"}}}
[2026-03-20T03:44:04.780Z] {"timestamp":1773978242565,"kind":"scroll","url":"https://3001-i1qlaw7bjri23cjywmwxm-708a6364.sg1.manus.computer/","viewport":{"width":1741,"height":880},"payload":{"scrollX":0,"scrollY":160,"documentHeight":5669,"viewportHeight":880}}
[2026-03-20T03:44:04.780Z] {"timestamp":1773978244319,"kind":"scroll","url":"https://3001-i1qlaw7bjri23cjywmwxm-708a6364.sg1.manus.computer/","viewport":{"width":1741,"height":880},"payload":{"scrollX":0,"scrollY":179,"documentHeight":5669,"viewportHeight":880}}
[2026-03-20T03:44:07.365Z] {"timestamp":1773978245326,"kind":"scroll","url":"https://3001-i1qlaw7bjri23cjywmwxm-708a6364.sg1.manus.computer/","viewport":{"width":1741,"height":880},"payload":{"scrollX":0,"scrollY":490,"documentHeight":5669,"viewportHeight":880}}
[2026-03-20T03:44:08.783Z] {"timestamp":1773978247668,"kind":"scroll","url":"https://3001-i1qlaw7bjri23cjywmwxm-708a6364.sg1.manus.computer/","viewport":{"width":1741,"height":880},"payload":{"scrollX":0,"scrollY":1540,"documentHeight":5669,"viewportHeight":880}}
[2026-03-20T03:44:08.783Z] {"timestamp":1773978248509,"kind":"scroll","url":"https://3001-i1qlaw7bjri23cjywmwxm-708a6364.sg1.manus.computer/","viewport":{"width":1741,"height":880},"payload":{"scrollX":0,"scrollY":2107,"documentHeight":5669,"viewportHeight":880}}
[2026-03-20T03:44:10.800Z] {"timestamp":1773978249101,"kind":"scroll","url":"https://3001-i1qlaw7bjri23cjywmwxm-708a6364.sg1.manus.computer/","viewport":{"width":1741,"height":880},"payload":{"scrollX":0,"scrollY":1986,"documentHeight":5669,"viewportHeight":880}}
[2026-03-20T03:44:10.800Z] {"timestamp":1773978249602,"kind":"scroll","url":"https://3001-i1qlaw7bjri23cjywmwxm-708a6364.sg1.manus.computer/","viewport":{"width":1741,"height":880},"payload":{"scrollX":0,"scrollY":2756,"documentHeight":5669,"viewportHeight":880}}
[2026-03-20T03:44:10.800Z] {"timestamp":1773978250102,"kind":"scroll","url":"https://3001-i1qlaw7bjri23cjywmwxm-708a6364.sg1.manus.computer/","viewport":{"width":1741,"height":880},"payload":{"scrollX":0,"scrollY":4789,"documentHeight":5669,"viewportHeight":880}}
[2026-03-20T03:44:46.781Z] {"timestamp":1773978285152,"kind":"scroll","url":"https://3001-i1qlaw7bjri23cjywmwxm-708a6364.sg1.manus.computer/","viewport":{"width":1741,"height":880},"payload":{"scrollX":0,"scrollY":4788,"documentHeight":5669,"viewportHeight":880}}
[2026-03-20T03:44:46.781Z] {"timestamp":1773978285651,"kind":"scroll","url":"https://3001-i1qlaw7bjri23cjywmwxm-708a6364.sg1.manus.computer/","viewport":{"width":1741,"height":880},"payload":{"scrollX":0,"scrollY":4237,"documentHeight":5669,"viewportHeight":880}}
[2026-03-20T03:44:46.781Z] {"timestamp":1773978286151,"kind":"scroll","url":"https://3001-i1qlaw7bjri23cjywmwxm-708a6364.sg1.manus.computer/","viewport":{"width":1741,"height":880},"payload":{"scrollX":0,"scrollY":3709,"documentHeight":5669,"viewportHeight":880}}
[2026-03-20T03:44:48.803Z] {"timestamp":1773978286651,"kind":"scroll","url":"https://3001-i1qlaw7bjri23cjywmwxm-708a6364.sg1.manus.computer/","viewport":{"width":1741,"height":880},"payload":{"scrollX":0,"scrollY":3157,"documentHeight":5669,"viewportHeight":880}}
[2026-03-20T03:44:48.803Z] {"timestamp":1773978287151,"kind":"scroll","url":"https://3001-i1qlaw7bjri23cjywmwxm-708a6364.sg1.manus.computer/","viewport":{"width":1741,"height":880},"payload":{"scrollX":0,"scrollY":536,"documentHeight":5669,"viewportHeight":880}}
[2026-03-23T06:43:12.411Z] {"timestamp":1774248191644,"kind":"scroll","url":"https://3000-i1qlaw7bjri23cjywmwxm-708a6364.sg1.manus.computer/applications/paint-ink-coatings","viewport":{"width":1280,"height":1100},"payload":{"scrollX":0,"scrollY":2,"documentHeight":5614,"viewportHeight":1100}}
[2026-03-23T06:43:12.411Z] {"timestamp":1774248192145,"kind":"scroll","url":"https://3000-i1qlaw7bjri23cjywmwxm-708a6364.sg1.manus.computer/applications/paint-ink-coatings","viewport":{"width":1280,"height":1100},"payload":{"scrollX":0,"scrollY":1091,"documentHeight":5614,"viewportHeight":1100}}
[2026-03-23T06:43:20.411Z] {"timestamp":1774248199343,"kind":"scroll","url":"https://3000-i1qlaw7bjri23cjywmwxm-708a6364.sg1.manus.computer/applications/paint-ink-coatings","viewport":{"width":1280,"height":1100},"payload":{"scrollX":0,"scrollY":1102,"documentHeight":5614,"viewportHeight":1100}}
[2026-03-23T06:43:20.411Z] {"timestamp":1774248199844,"kind":"scroll","url":"https://3000-i1qlaw7bjri23cjywmwxm-708a6364.sg1.manus.computer/applications/paint-ink-coatings","viewport":{"width":1280,"height":1100},"payload":{"scrollX":0,"scrollY":2191,"documentHeight":5614,"viewportHeight":1100}}
[2026-03-23T06:43:28.413Z] {"timestamp":1774248206576,"kind":"scroll","url":"https://3000-i1qlaw7bjri23cjywmwxm-708a6364.sg1.manus.computer/applications/paint-ink-coatings","viewport":{"width":1280,"height":1100},"payload":{"scrollX":0,"scrollY":2202,"documentHeight":5614,"viewportHeight":1100}}
[2026-03-23T06:43:28.413Z] {"timestamp":1774248207088,"kind":"scroll","url":"https://3000-i1qlaw7bjri23cjywmwxm-708a6364.sg1.manus.computer/applications/paint-ink-coatings","viewport":{"width":1280,"height":1100},"payload":{"scrollX":0,"scrollY":3291,"documentHeight":5614,"viewportHeight":1100}}
[2026-03-23T06:44:34.894Z] {"timestamp":1774248274203,"kind":"scroll","url":"https://3000-i1qlaw7bjri23cjywmwxm-708a6364.sg1.manus.computer/applications/paint-ink-coatings","viewport":{"width":1872,"height":880},"payload":{"scrollX":0,"scrollY":1,"documentHeight":5470,"viewportHeight":880}}
[2026-03-23T06:44:36.590Z] {"timestamp":1774248274751,"kind":"scroll","url":"https://3000-i1qlaw7bjri23cjywmwxm-708a6364.sg1.manus.computer/applications/paint-ink-coatings","viewport":{"width":1872,"height":880},"payload":{"scrollX":0,"scrollY":351,"documentHeight":5470,"viewportHeight":880}}
[2026-03-23T06:44:36.591Z] {"timestamp":1774248275295,"kind":"scroll","url":"https://3000-i1qlaw7bjri23cjywmwxm-708a6364.sg1.manus.computer/applications/paint-ink-coatings","viewport":{"width":1872,"height":880},"payload":{"scrollX":0,"scrollY":611,"documentHeight":5470,"viewportHeight":880}}
[2026-03-23T06:44:36.591Z] {"timestamp":1774248275852,"kind":"scroll","url":"https://3000-i1qlaw7bjri23cjywmwxm-708a6364.sg1.manus.computer/applications/paint-ink-coatings","viewport":{"width":1872,"height":880},"payload":{"scrollX":0,"scrollY":982,"documentHeight":5470,"viewportHeight":880}}
[2026-03-23T06:44:38.593Z] {"timestamp":1774248276719,"kind":"scroll","url":"https://3000-i1qlaw7bjri23cjywmwxm-708a6364.sg1.manus.computer/applications/paint-ink-coatings","viewport":{"width":1872,"height":880},"payload":{"scrollX":0,"scrollY":1438,"documentHeight":5470,"viewportHeight":880}}
[2026-03-23T06:44:38.593Z] {"timestamp":1774248277386,"kind":"scroll","url":"https://3000-i1qlaw7bjri23cjywmwxm-708a6364.sg1.manus.computer/applications/paint-ink-coatings","viewport":{"width":1872,"height":880},"payload":{"scrollX":0,"scrollY":1708,"documentHeight":5470,"viewportHeight":880}}
[2026-03-23T06:44:38.593Z] {"timestamp":1774248277935,"kind":"scroll","url":"https://3000-i1qlaw7bjri23cjywmwxm-708a6364.sg1.manus.computer/applications/paint-ink-coatings","viewport":{"width":1872,"height":880},"payload":{"scrollX":0,"scrollY":2002,"documentHeight":5470,"viewportHeight":880}}
[2026-03-23T06:44:40.641Z] {"timestamp":1774248278595,"kind":"scroll","url":"https://3000-i1qlaw7bjri23cjywmwxm-708a6364.sg1.manus.computer/applications/paint-ink-coatings","viewport":{"width":1872,"height":880},"payload":{"scrollX":0,"scrollY":2558,"documentHeight":5470,"viewportHeight":880}}
[2026-03-23T06:44:40.641Z] {"timestamp":1774248279129,"kind":"scroll","url":"https://3000-i1qlaw7bjri23cjywmwxm-708a6364.sg1.manus.computer/applications/paint-ink-coatings","viewport":{"width":1872,"height":880},"payload":{"scrollX":0,"scrollY":2895,"documentHeight":5470,"viewportHeight":880}}
[2026-03-23T06:44:40.641Z] {"timestamp":1774248279646,"kind":"scroll","url":"https://3000-i1qlaw7bjri23cjywmwxm-708a6364.sg1.manus.computer/applications/paint-ink-coatings","viewport":{"width":1872,"height":880},"payload":{"scrollX":0,"scrollY":3577,"documentHeight":5470,"viewportHeight":880}}
[2026-03-23T06:44:40.641Z] {"timestamp":1774248280235,"kind":"scroll","url":"https://3000-i1qlaw7bjri23cjywmwxm-708a6364.sg1.manus.computer/applications/paint-ink-coatings","viewport":{"width":1872,"height":880},"payload":{"scrollX":0,"scrollY":4536,"documentHeight":5470,"viewportHeight":880}}
[2026-03-23T06:44:42.593Z] {"timestamp":1774248280962,"kind":"scroll","url":"https://3000-i1qlaw7bjri23cjywmwxm-708a6364.sg1.manus.computer/applications/paint-ink-coatings","viewport":{"width":1872,"height":880},"payload":{"scrollX":0,"scrollY":4588,"documentHeight":5470,"viewportHeight":880}}
[2026-03-23T06:45:37.085Z] {"timestamp":1774248335577,"kind":"focusin","url":"https://3000-i1qlaw7bjri23cjywmwxm-708a6364.sg1.manus.computer/applications/paint-ink-coatings","viewport":{"width":1872,"height":880},"payload":{"target":{"tag":"a","id":null,"name":null,"type":null,"role":null,"ariaLabel":null,"testId":null,"dataLoc":null,"href":"/","text":"Home","selectorHint":"a"}}}
[2026-03-23T06:45:37.085Z] {"timestamp":1774248335679,"kind":"click","url":"https://3000-i1qlaw7bjri23cjywmwxm-708a6364.sg1.manus.computer/applications/paint-ink-coatings","viewport":{"width":1872,"height":880},"payload":{"target":{"tag":"a","id":null,"name":null,"type":null,"role":null,"ariaLabel":null,"testId":null,"dataLoc":null,"href":"/","text":"Home","selectorHint":"a"},"x":583,"y":73}}
[2026-03-23T06:45:37.085Z] {"timestamp":1774248335681,"kind":"navigate","url":"https://3000-i1qlaw7bjri23cjywmwxm-708a6364.sg1.manus.computer/","viewport":{"width":1872,"height":880},"payload":{"reason":"pushState"}}
[2026-03-23T06:45:37.086Z] {"timestamp":1774248335701,"kind":"focusout","url":"https://3000-i1qlaw7bjri23cjywmwxm-708a6364.sg1.manus.computer/","viewport":{"width":1872,"height":880},"payload":{"target":{"tag":"a","id":null,"name":null,"type":null,"role":null,"ariaLabel":null,"testId":null,"dataLoc":null,"href":"/","text":"Home","selectorHint":"a"},"value":null}}
[2026-03-23T06:45:37.086Z] {"timestamp":1774248336668,"kind":"scroll","url":"https://3000-i1qlaw7bjri23cjywmwxm-708a6364.sg1.manus.computer/","viewport":{"width":1872,"height":880},"payload":{"scrollX":0,"scrollY":1,"documentHeight":5669,"viewportHeight":880}}
[2026-03-23T06:45:39.652Z] {"timestamp":1774248337179,"kind":"scroll","url":"https://3000-i1qlaw7bjri23cjywmwxm-708a6364.sg1.manus.computer/","viewport":{"width":1872,"height":880},"payload":{"scrollX":0,"scrollY":839,"documentHeight":5669,"viewportHeight":880}}
[2026-03-23T06:45:39.652Z] {"timestamp":1774248337678,"kind":"scroll","url":"https://3000-i1qlaw7bjri23cjywmwxm-708a6364.sg1.manus.computer/","viewport":{"width":1872,"height":880},"payload":{"scrollX":0,"scrollY":2158,"documentHeight":5669,"viewportHeight":880}}
[2026-03-23T06:47:13.492Z] {"timestamp":1774248431684,"kind":"scroll","url":"https://3000-i1qlaw7bjri23cjywmwxm-708a6364.sg1.manus.computer/","viewport":{"width":1872,"height":880},"payload":{"scrollX":0,"scrollY":2712,"documentHeight":5669,"viewportHeight":880}}
[2026-03-23T06:47:15.412Z] {"timestamp":1774248434161,"kind":"focusin","url":"https://3000-i1qlaw7bjri23cjywmwxm-708a6364.sg1.manus.computer/","viewport":{"width":1872,"height":880},"payload":{"target":{"tag":"a","id":null,"name":null,"type":null,"role":null,"ariaLabel":null,"testId":null,"dataLoc":null,"href":"/applications/coatings-inks","text":"Coatings & Inks","selectorHint":"a"}}}
[2026-03-23T06:47:15.413Z] {"timestamp":1774248434292,"kind":"click","url":"https://3000-i1qlaw7bjri23cjywmwxm-708a6364.sg1.manus.computer/","viewport":{"width":1872,"height":880},"payload":{"target":{"tag":"a","id":null,"name":null,"type":null,"role":null,"ariaLabel":null,"testId":null,"dataLoc":null,"href":"/applications/coatings-inks","text":"Coatings & Inks","selectorHint":"a"},"x":796,"y":85}}
[2026-03-23T06:47:15.413Z] {"timestamp":1774248434294,"kind":"navigate","url":"https://3000-i1qlaw7bjri23cjywmwxm-708a6364.sg1.manus.computer/applications/coatings-inks","viewport":{"width":1872,"height":880},"payload":{"reason":"pushState"}}
[2026-03-23T06:47:15.413Z] {"timestamp":1774248434304,"kind":"scroll","url":"https://3000-i1qlaw7bjri23cjywmwxm-708a6364.sg1.manus.computer/applications/coatings-inks","viewport":{"width":1872,"height":880},"payload":{"scrollX":0,"scrollY":0,"documentHeight":880,"viewportHeight":880}}
[2026-03-23T06:47:15.413Z] {"timestamp":1774248434307,"kind":"focusout","url":"https://3000-i1qlaw7bjri23cjywmwxm-708a6364.sg1.manus.computer/applications/coatings-inks","viewport":{"width":1872,"height":880},"payload":{"target":{"tag":"a","id":null,"name":null,"type":null,"role":null,"ariaLabel":null,"testId":null,"dataLoc":null,"href":"/applications/coatings-inks","text":"Coatings & Inks","selectorHint":"a"},"value":null}}
[2026-03-23T06:47:17.413Z] {"timestamp":1774248436243,"kind":"focusin","url":"https://3000-i1qlaw7bjri23cjywmwxm-708a6364.sg1.manus.computer/applications/coatings-inks","viewport":{"width":1872,"height":880},"payload":{"target":{"tag":"a","id":null,"name":null,"type":null,"role":null,"ariaLabel":null,"testId":null,"dataLoc":null,"href":"/applications/food-health","text":"Food & Health Powder","selectorHint":"a"}}}
[2026-03-23T06:47:17.413Z] {"timestamp":1774248436344,"kind":"click","url":"https://3000-i1qlaw7bjri23cjywmwxm-708a6364.sg1.manus.computer/applications/coatings-inks","viewport":{"width":1872,"height":880},"payload":{"target":{"tag":"a","id":null,"name":null,"type":null,"role":null,"ariaLabel":null,"testId":null,"dataLoc":null,"href":"/applications/food-health","text":"Food & Health Powder","selectorHint":"a"},"x":800,"y":162}}
[2026-03-23T06:47:17.413Z] {"timestamp":1774248436345,"kind":"navigate","url":"https://3000-i1qlaw7bjri23cjywmwxm-708a6364.sg1.manus.computer/applications/food-health","viewport":{"width":1872,"height":880},"payload":{"reason":"pushState"}}
[2026-03-23T06:47:17.413Z] {"timestamp":1774248436529,"kind":"focusout","url":"https://3000-i1qlaw7bjri23cjywmwxm-708a6364.sg1.manus.computer/applications/food-health","viewport":{"width":1872,"height":880},"payload":{"target":{"tag":"a","id":null,"name":null,"type":null,"role":null,"ariaLabel":null,"testId":null,"dataLoc":null,"href":"/applications/food-health","text":"Food & Health Powder","selectorHint":"a"},"value":null}}
[2026-03-23T06:47:19.412Z] {"timestamp":1774248437210,"kind":"scroll","url":"https://3000-i1qlaw7bjri23cjywmwxm-708a6364.sg1.manus.computer/applications/food-health","viewport":{"width":1872,"height":880},"payload":{"scrollX":0,"scrollY":1,"documentHeight":2585,"viewportHeight":880}}
[2026-03-23T06:47:19.412Z] {"timestamp":1774248437710,"kind":"scroll","url":"https://3000-i1qlaw7bjri23cjywmwxm-708a6364.sg1.manus.computer/applications/food-health","viewport":{"width":1872,"height":880},"payload":{"scrollX":0,"scrollY":944,"documentHeight":2585,"viewportHeight":880}}
[2026-03-23T06:47:19.412Z] {"timestamp":1774248438210,"kind":"scroll","url":"https://3000-i1qlaw7bjri23cjywmwxm-708a6364.sg1.manus.computer/applications/food-health","viewport":{"width":1872,"height":880},"payload":{"scrollX":0,"scrollY":1635,"documentHeight":2585,"viewportHeight":880}}
[2026-03-23T06:47:19.412Z] {"timestamp":1774248438710,"kind":"scroll","url":"https://3000-i1qlaw7bjri23cjywmwxm-708a6364.sg1.manus.computer/applications/food-health","viewport":{"width":1872,"height":880},"payload":{"scrollX":0,"scrollY":1095,"documentHeight":2585,"viewportHeight":880}}
[2026-03-23T06:47:21.410Z] {"timestamp":1774248439920,"kind":"focusin","url":"https://3000-i1qlaw7bjri23cjywmwxm-708a6364.sg1.manus.computer/applications/food-health","viewport":{"width":1872,"height":880},"payload":{"target":{"tag":"a","id":null,"name":null,"type":null,"role":null,"ariaLabel":null,"testId":null,"dataLoc":null,"href":"/applications/coatings-inks","text":"Coatings & Inks","selectorHint":"a"}}}
[2026-03-23T06:47:21.410Z] {"timestamp":1774248440036,"kind":"click","url":"https://3000-i1qlaw7bjri23cjywmwxm-708a6364.sg1.manus.computer/applications/food-health","viewport":{"width":1872,"height":880},"payload":{"target":{"tag":"a","id":null,"name":null,"type":null,"role":null,"ariaLabel":null,"testId":null,"dataLoc":null,"href":"/applications/coatings-inks","text":"Coatings & Inks","selectorHint":"a"},"x":779,"y":98}}
[2026-03-23T06:47:21.410Z] {"timestamp":1774248440037,"kind":"navigate","url":"https://3000-i1qlaw7bjri23cjywmwxm-708a6364.sg1.manus.computer/applications/coatings-inks","viewport":{"width":1872,"height":880},"payload":{"reason":"pushState"}}
[2026-03-23T06:47:21.410Z] {"timestamp":1774248440230,"kind":"focusout","url":"https://3000-i1qlaw7bjri23cjywmwxm-708a6364.sg1.manus.computer/applications/coatings-inks","viewport":{"width":1872,"height":880},"payload":{"target":{"tag":"a","id":null,"name":null,"type":null,"role":null,"ariaLabel":null,"testId":null,"dataLoc":null,"href":"/applications/coatings-inks","text":"Coatings & Inks","selectorHint":"a"},"value":null}}
[2026-03-23T06:47:21.410Z] {"timestamp":1774248440703,"kind":"scroll","url":"https://3000-i1qlaw7bjri23cjywmwxm-708a6364.sg1.manus.computer/applications/coatings-inks","viewport":{"width":1872,"height":880},"payload":{"scrollX":0,"scrollY":648,"documentHeight":2585,"viewportHeight":880}}
[2026-03-23T06:47:23.415Z] {"timestamp":1774248441210,"kind":"scroll","url":"https://3000-i1qlaw7bjri23cjywmwxm-708a6364.sg1.manus.computer/applications/coatings-inks","viewport":{"width":1872,"height":880},"payload":{"scrollX":0,"scrollY":848,"documentHeight":2585,"viewportHeight":880}}
[2026-03-23T06:47:25.410Z] {"timestamp":1774248444910,"kind":"scroll","url":"https://3000-i1qlaw7bjri23cjywmwxm-708a6364.sg1.manus.computer/applications/coatings-inks","viewport":{"width":1872,"height":880},"payload":{"scrollX":0,"scrollY":917,"documentHeight":2585,"viewportHeight":880}}
[2026-03-23T06:47:27.411Z] {"timestamp":1774248445410,"kind":"scroll","url":"https://3000-i1qlaw7bjri23cjywmwxm-708a6364.sg1.manus.computer/applications/coatings-inks","viewport":{"width":1872,"height":880},"payload":{"scrollX":0,"scrollY":1518,"documentHeight":2585,"viewportHeight":880}}
[2026-03-23T06:47:27.411Z] {"timestamp":1774248445910,"kind":"scroll","url":"https://3000-i1qlaw7bjri23cjywmwxm-708a6364.sg1.manus.computer/applications/coatings-inks","viewport":{"width":1872,"height":880},"payload":{"scrollX":0,"scrollY":1532,"documentHeight":2585,"viewportHeight":880}}
[2026-03-23T06:47:27.411Z] {"timestamp":1774248446877,"kind":"scroll","url":"https://3000-i1qlaw7bjri23cjywmwxm-708a6364.sg1.manus.computer/applications/coatings-inks","viewport":{"width":1872,"height":880},"payload":{"scrollX":0,"scrollY":8,"documentHeight":2585,"viewportHeight":880}}
[2026-03-23T06:47:29.471Z] {"timestamp":1774248447560,"kind":"scroll","url":"https://3000-i1qlaw7bjri23cjywmwxm-708a6364.sg1.manus.computer/applications/coatings-inks","viewport":{"width":1872,"height":880},"payload":{"scrollX":0,"scrollY":463,"documentHeight":2585,"viewportHeight":880}}
[2026-03-23T06:47:29.471Z] {"timestamp":1774248448110,"kind":"scroll","url":"https://3000-i1qlaw7bjri23cjywmwxm-708a6364.sg1.manus.computer/applications/coatings-inks","viewport":{"width":1872,"height":880},"payload":{"scrollX":0,"scrollY":814,"documentHeight":2585,"viewportHeight":880}}
[2026-03-23T06:47:29.471Z] {"timestamp":1774248448610,"kind":"scroll","url":"https://3000-i1qlaw7bjri23cjywmwxm-708a6364.sg1.manus.computer/applications/coatings-inks","viewport":{"width":1872,"height":880},"payload":{"scrollX":0,"scrollY":1499,"documentHeight":2585,"viewportHeight":880}}
[2026-03-23T06:47:31.410Z] {"timestamp":1774248449644,"kind":"scroll","url":"https://3000-i1qlaw7bjri23cjywmwxm-708a6364.sg1.manus.computer/applications/coatings-inks","viewport":{"width":1872,"height":880},"payload":{"scrollX":0,"scrollY":1703,"documentHeight":2585,"viewportHeight":880}}
[2026-03-23T06:47:36.309Z] {"timestamp":1774248454850,"kind":"scroll","url":"https://3000-i1qlaw7bjri23cjywmwxm-708a6364.sg1.manus.computer/applications/coatings-inks","viewport":{"width":1872,"height":880},"payload":{"scrollX":0,"scrollY":1,"documentHeight":2585,"viewportHeight":880}}
[2026-03-23T06:47:36.309Z] {"timestamp":1774248455360,"kind":"scroll","url":"https://3000-i1qlaw7bjri23cjywmwxm-708a6364.sg1.manus.computer/applications/coatings-inks","viewport":{"width":1872,"height":880},"payload":{"scrollX":0,"scrollY":702,"documentHeight":2585,"viewportHeight":880}}
[2026-03-23T06:47:36.309Z] {"timestamp":1774248455860,"kind":"scroll","url":"https://3000-i1qlaw7bjri23cjywmwxm-708a6364.sg1.manus.computer/applications/coatings-inks","viewport":{"width":1872,"height":880},"payload":{"scrollX":0,"scrollY":1404,"documentHeight":2585,"viewportHeight":880}}
[2026-03-23T06:47:48.342Z] {"timestamp":1774248466399,"kind":"scroll","url":"https://3000-i1qlaw7bjri23cjywmwxm-708a6364.sg1.manus.computer/applications/paint-ink-coatings","viewport":{"width":1872,"height":880},"payload":{"scrollX":0,"scrollY":1,"documentHeight":5470,"viewportHeight":880}}
[2026-03-23T06:47:48.342Z] {"timestamp":1774248466910,"kind":"scroll","url":"https://3000-i1qlaw7bjri23cjywmwxm-708a6364.sg1.manus.computer/applications/paint-ink-coatings","viewport":{"width":1872,"height":880},"payload":{"scrollX":0,"scrollY":1255,"documentHeight":5470,"viewportHeight":880}}
[2026-03-23T06:47:48.342Z] {"timestamp":1774248467410,"kind":"scroll","url":"https://3000-i1qlaw7bjri23cjywmwxm-708a6364.sg1.manus.computer/applications/paint-ink-coatings","viewport":{"width":1872,"height":880},"payload":{"scrollX":0,"scrollY":1882,"documentHeight":5470,"viewportHeight":880}}
[2026-03-23T06:47:48.342Z] {"timestamp":1774248467927,"kind":"scroll","url":"https://3000-i1qlaw7bjri23cjywmwxm-708a6364.sg1.manus.computer/applications/paint-ink-coatings","viewport":{"width":1872,"height":880},"payload":{"scrollX":0,"scrollY":2746,"documentHeight":5470,"viewportHeight":880}}
[2026-03-23T06:47:50.269Z] {"timestamp":1774248468426,"kind":"scroll","url":"https://3000-i1qlaw7bjri23cjywmwxm-708a6364.sg1.manus.computer/applications/paint-ink-coatings","viewport":{"width":1872,"height":880},"payload":{"scrollX":0,"scrollY":3745,"documentHeight":5470,"viewportHeight":880}}
[2026-03-23T06:47:50.269Z] {"timestamp":1774248468927,"kind":"scroll","url":"https://3000-i1qlaw7bjri23cjywmwxm-708a6364.sg1.manus.computer/applications/paint-ink-coatings","viewport":{"width":1872,"height":880},"payload":{"scrollX":0,"scrollY":4449,"documentHeight":5470,"viewportHeight":880}}
[2026-03-23T06:47:50.269Z] {"timestamp":1774248469443,"kind":"scroll","url":"https://3000-i1qlaw7bjri23cjywmwxm-708a6364.sg1.manus.computer/applications/paint-ink-coatings","viewport":{"width":1872,"height":880},"payload":{"scrollX":0,"scrollY":4504,"documentHeight":5470,"viewportHeight":880}}
[2026-03-23T06:47:50.269Z] {"timestamp":1774248469943,"kind":"scroll","url":"https://3000-i1qlaw7bjri23cjywmwxm-708a6364.sg1.manus.computer/applications/paint-ink-coatings","viewport":{"width":1872,"height":880},"payload":{"scrollX":0,"scrollY":2972,"documentHeight":5470,"viewportHeight":880}}
[2026-03-23T06:47:52.270Z] {"timestamp":1774248470443,"kind":"scroll","url":"https://3000-i1qlaw7bjri23cjywmwxm-708a6364.sg1.manus.computer/applications/paint-ink-coatings","viewport":{"width":1872,"height":880},"payload":{"scrollX":0,"scrollY":1397,"documentHeight":5470,"viewportHeight":880}}
[2026-03-23T06:47:52.270Z] {"timestamp":1774248470943,"kind":"scroll","url":"https://3000-i1qlaw7bjri23cjywmwxm-708a6364.sg1.manus.computer/applications/paint-ink-coatings","viewport":{"width":1872,"height":880},"payload":{"scrollX":0,"scrollY":417,"documentHeight":5470,"viewportHeight":880}}
[2026-03-23T07:20:50.641Z] {"timestamp":1774250449162,"kind":"focusin","url":"https://3000-i1qlaw7bjri23cjywmwxm-708a6364.sg1.manus.computer/applications/paint-ink-coatings","viewport":{"width":1872,"height":880},"payload":{"target":{"tag":"a","id":null,"name":null,"type":null,"role":null,"ariaLabel":null,"testId":null,"dataLoc":null,"href":"/applications/coatings-inks","text":"Coatings & Inks","selectorHint":"a"}}}
[2026-03-23T07:20:50.641Z] {"timestamp":1774250449266,"kind":"click","url":"https://3000-i1qlaw7bjri23cjywmwxm-708a6364.sg1.manus.computer/applications/paint-ink-coatings","viewport":{"width":1872,"height":880},"payload":{"target":{"tag":"a","id":null,"name":null,"type":null,"role":null,"ariaLabel":null,"testId":null,"dataLoc":null,"href":"/applications/coatings-inks","text":"Coatings & Inks","selectorHint":"a"},"x":785,"y":126}}
[2026-03-23T07:20:50.641Z] {"timestamp":1774250449267,"kind":"navigate","url":"https://3000-i1qlaw7bjri23cjywmwxm-708a6364.sg1.manus.computer/applications/coatings-inks","viewport":{"width":1872,"height":880},"payload":{"reason":"pushState"}}
[2026-03-23T07:20:50.641Z] {"timestamp":1774250449275,"kind":"focusout","url":"https://3000-i1qlaw7bjri23cjywmwxm-708a6364.sg1.manus.computer/applications/coatings-inks","viewport":{"width":1872,"height":880},"payload":{"target":{"tag":"a","id":null,"name":null,"type":null,"role":null,"ariaLabel":null,"testId":null,"dataLoc":null,"href":"/applications/coatings-inks","text":"Coatings & Inks","selectorHint":"a"},"value":null}}
[2026-03-23T07:20:52.611Z] {"timestamp":1774250450440,"kind":"scroll","url":"https://3000-i1qlaw7bjri23cjywmwxm-708a6364.sg1.manus.computer/applications/coatings-inks","viewport":{"width":1872,"height":880},"payload":{"scrollX":0,"scrollY":1,"documentHeight":2585,"viewportHeight":880}}
[2026-03-23T07:20:52.611Z] {"timestamp":1774250450949,"kind":"scroll","url":"https://3000-i1qlaw7bjri23cjywmwxm-708a6364.sg1.manus.computer/applications/coatings-inks","viewport":{"width":1872,"height":880},"payload":{"scrollX":0,"scrollY":645,"documentHeight":2585,"viewportHeight":880}}
[2026-03-23T07:20:52.611Z] {"timestamp":1774250451449,"kind":"scroll","url":"https://3000-i1qlaw7bjri23cjywmwxm-708a6364.sg1.manus.computer/applications/coatings-inks","viewport":{"width":1872,"height":880},"payload":{"scrollX":0,"scrollY":1398,"documentHeight":2585,"viewportHeight":880}}
[2026-03-23T07:20:52.611Z] {"timestamp":1774250452133,"kind":"scroll","url":"https://3000-i1qlaw7bjri23cjywmwxm-708a6364.sg1.manus.computer/applications/coatings-inks","viewport":{"width":1872,"height":880},"payload":{"scrollX":0,"scrollY":1703,"documentHeight":2585,"viewportHeight":880}}
[2026-03-23T07:20:55.815Z] {"timestamp":1774250452650,"kind":"scroll","url":"https://3000-i1qlaw7bjri23cjywmwxm-708a6364.sg1.manus.computer/applications/coatings-inks","viewport":{"width":1872,"height":880},"payload":{"scrollX":0,"scrollY":903,"documentHeight":2585,"viewportHeight":880}}
[2026-03-23T07:20:55.815Z] {"timestamp":1774250453166,"kind":"scroll","url":"https://3000-i1qlaw7bjri23cjywmwxm-708a6364.sg1.manus.computer/applications/coatings-inks","viewport":{"width":1872,"height":880},"payload":{"scrollX":0,"scrollY":392,"documentHeight":2585,"viewportHeight":880}}
[2026-03-23T07:24:32.682Z] {"timestamp":1774250671913,"kind":"focusin","url":"https://3000-i1qlaw7bjri23cjywmwxm-708a6364.sg1.manus.computer/applications/coatings-inks","viewport":{"width":1872,"height":880},"payload":{"target":{"tag":"a","id":null,"name":null,"type":null,"role":null,"ariaLabel":null,"testId":null,"dataLoc":null,"href":"/applications/coatings-inks","text":"Coatings & Inks","selectorHint":"a"}}}
[2026-03-23T07:24:32.682Z] {"timestamp":1774250672027,"kind":"click","url":"https://3000-i1qlaw7bjri23cjywmwxm-708a6364.sg1.manus.computer/applications/coatings-inks","viewport":{"width":1872,"height":880},"payload":{"target":{"tag":"a","id":null,"name":null,"type":null,"role":null,"ariaLabel":null,"testId":null,"dataLoc":null,"href":"/applications/coatings-inks","text":"Coatings & Inks","selectorHint":"a"},"x":812,"y":87}}
[2026-03-23T07:24:32.682Z] {"timestamp":1774250672029,"kind":"navigate","url":"https://3000-i1qlaw7bjri23cjywmwxm-708a6364.sg1.manus.computer/applications/coatings-inks","viewport":{"width":1872,"height":880},"payload":{"reason":"pushState"}}
[2026-03-23T07:24:34.611Z] {"timestamp":1774250674189,"kind":"click","url":"https://3000-i1qlaw7bjri23cjywmwxm-708a6364.sg1.manus.computer/applications/coatings-inks","viewport":{"width":1872,"height":880},"payload":{"target":{"tag":"a","id":null,"name":null,"type":null,"role":null,"ariaLabel":null,"testId":null,"dataLoc":null,"href":"/applications/coatings-inks","text":"Coatings & Inks","selectorHint":"a"},"x":825,"y":93}}
[2026-03-23T07:24:34.611Z] {"timestamp":1774250674190,"kind":"navigate","url":"https://3000-i1qlaw7bjri23cjywmwxm-708a6364.sg1.manus.computer/applications/coatings-inks","viewport":{"width":1872,"height":880},"payload":{"reason":"pushState"}}
[2026-03-23T07:24:36.629Z] {"timestamp":1774250675017,"kind":"focusout","url":"https://3000-i1qlaw7bjri23cjywmwxm-708a6364.sg1.manus.computer/applications/coatings-inks","viewport":{"width":1872,"height":880},"payload":{"target":{"tag":"a","id":null,"name":null,"type":null,"role":null,"ariaLabel":null,"testId":null,"dataLoc":null,"href":"/applications/coatings-inks","text":"Coatings & Inks","selectorHint":"a"},"value":null}}
[2026-03-23T07:24:36.629Z] {"timestamp":1774250675783,"kind":"scroll","url":"https://3000-i1qlaw7bjri23cjywmwxm-708a6364.sg1.manus.computer/applications/coatings-inks","viewport":{"width":1872,"height":880},"payload":{"scrollX":0,"scrollY":386,"documentHeight":2585,"viewportHeight":880}}
[2026-03-23T07:24:36.629Z] {"timestamp":1774250676299,"kind":"scroll","url":"https://3000-i1qlaw7bjri23cjywmwxm-708a6364.sg1.manus.computer/applications/coatings-inks","viewport":{"width":1872,"height":880},"payload":{"scrollX":0,"scrollY":568,"documentHeight":2585,"viewportHeight":880}}
[2026-03-23T07:24:38.638Z] {"timestamp":1774250676799,"kind":"scroll","url":"https://3000-i1qlaw7bjri23cjywmwxm-708a6364.sg1.manus.computer/applications/coatings-inks","viewport":{"width":1872,"height":880},"payload":{"scrollX":0,"scrollY":19,"documentHeight":2585,"viewportHeight":880}}
[2026-03-23T07:24:38.638Z] {"timestamp":1774250677316,"kind":"scroll","url":"https://3000-i1qlaw7bjri23cjywmwxm-708a6364.sg1.manus.computer/applications/coatings-inks","viewport":{"width":1872,"height":880},"payload":{"scrollX":0,"scrollY":773,"documentHeight":2585,"viewportHeight":880}}
[2026-03-23T07:24:38.638Z] {"timestamp":1774250677865,"kind":"scroll","url":"https://3000-i1qlaw7bjri23cjywmwxm-708a6364.sg1.manus.computer/applications/coatings-inks","viewport":{"width":1872,"height":880},"payload":{"scrollX":0,"scrollY":1669,"documentHeight":2585,"viewportHeight":880}}
[2026-03-23T07:24:45.459Z] {"timestamp":1774250684815,"kind":"scroll","url":"https://3000-i1qlaw7bjri23cjywmwxm-708a6364.sg1.manus.computer/applications/coatings-inks","viewport":{"width":1872,"height":880},"payload":{"scrollX":0,"scrollY":4,"documentHeight":2585,"viewportHeight":880}}
[2026-03-23T07:24:47.383Z] {"timestamp":1774250685315,"kind":"scroll","url":"https://3000-i1qlaw7bjri23cjywmwxm-708a6364.sg1.manus.computer/applications/coatings-inks","viewport":{"width":1872,"height":880},"payload":{"scrollX":0,"scrollY":931,"documentHeight":2585,"viewportHeight":880}}
[2026-03-23T07:24:47.383Z] {"timestamp":1774250685816,"kind":"scroll","url":"https://3000-i1qlaw7bjri23cjywmwxm-708a6364.sg1.manus.computer/applications/coatings-inks","viewport":{"width":1872,"height":880},"payload":{"scrollX":0,"scrollY":1690,"documentHeight":2585,"viewportHeight":880}}
[2026-03-23T07:24:47.383Z] {"timestamp":1774250686554,"kind":"scroll","url":"https://3000-i1qlaw7bjri23cjywmwxm-708a6364.sg1.manus.computer/applications/coatings-inks","viewport":{"width":1872,"height":880},"payload":{"scrollX":0,"scrollY":1703,"documentHeight":2585,"viewportHeight":880}}
[2026-03-26T06:03:00.063Z] {"timestamp":1774504979727,"kind":"scroll","url":"https://3000-i1qlaw7bjri23cjywmwxm-708a6364.sg1.manus.computer/applications/paint-ink-coatings","viewport":{"width":1679,"height":862},"payload":{"scrollX":0,"scrollY":1,"documentHeight":5470,"viewportHeight":862}}
[2026-03-26T06:03:01.933Z] {"timestamp":1774504980235,"kind":"scroll","url":"https://3000-i1qlaw7bjri23cjywmwxm-708a6364.sg1.manus.computer/applications/paint-ink-coatings","viewport":{"width":1679,"height":862},"payload":{"scrollX":0,"scrollY":491,"documentHeight":5470,"viewportHeight":862}}
[2026-03-26T06:03:01.933Z] {"timestamp":1774504980734,"kind":"scroll","url":"https://3000-i1qlaw7bjri23cjywmwxm-708a6364.sg1.manus.computer/applications/paint-ink-coatings","viewport":{"width":1679,"height":862},"payload":{"scrollX":0,"scrollY":1057,"documentHeight":5470,"viewportHeight":862}}
[2026-03-26T06:03:01.933Z] {"timestamp":1774504981235,"kind":"scroll","url":"https://3000-i1qlaw7bjri23cjywmwxm-708a6364.sg1.manus.computer/applications/paint-ink-coatings","viewport":{"width":1679,"height":862},"payload":{"scrollX":0,"scrollY":1650,"documentHeight":5470,"viewportHeight":862}}
[2026-03-26T06:03:03.907Z] {"timestamp":1774504981791,"kind":"scroll","url":"https://3000-i1qlaw7bjri23cjywmwxm-708a6364.sg1.manus.computer/applications/paint-ink-coatings","viewport":{"width":1679,"height":862},"payload":{"scrollX":0,"scrollY":2073,"documentHeight":5470,"viewportHeight":862}}
[2026-03-26T06:03:03.907Z] {"timestamp":1774504982318,"kind":"scroll","url":"https://3000-i1qlaw7bjri23cjywmwxm-708a6364.sg1.manus.computer/applications/paint-ink-coatings","viewport":{"width":1679,"height":862},"payload":{"scrollX":0,"scrollY":2580,"documentHeight":5470,"viewportHeight":862}}
[2026-03-26T06:03:03.907Z] {"timestamp":1774504982885,"kind":"scroll","url":"https://3000-i1qlaw7bjri23cjywmwxm-708a6364.sg1.manus.computer/applications/paint-ink-coatings","viewport":{"width":1679,"height":862},"payload":{"scrollX":0,"scrollY":3381,"documentHeight":5470,"viewportHeight":862}}
[2026-03-26T06:03:03.907Z] {"timestamp":1774504983402,"kind":"scroll","url":"https://3000-i1qlaw7bjri23cjywmwxm-708a6364.sg1.manus.computer/applications/paint-ink-coatings","viewport":{"width":1679,"height":862},"payload":{"scrollX":0,"scrollY":4358,"documentHeight":5470,"viewportHeight":862}}
[2026-03-26T06:03:05.907Z] {"timestamp":1774504984335,"kind":"scroll","url":"https://3000-i1qlaw7bjri23cjywmwxm-708a6364.sg1.manus.computer/applications/paint-ink-coatings","viewport":{"width":1679,"height":862},"payload":{"scrollX":0,"scrollY":4607,"documentHeight":5470,"viewportHeight":862}}
[2026-03-26T06:03:05.907Z] {"timestamp":1774504984835,"kind":"scroll","url":"https://3000-i1qlaw7bjri23cjywmwxm-708a6364.sg1.manus.computer/applications/paint-ink-coatings","viewport":{"width":1679,"height":862},"payload":{"scrollX":0,"scrollY":688,"documentHeight":5470,"viewportHeight":862}}
